<?xml version="1.0" encoding="UTF-8"?>
<coverage generated="1784993016959" clover="3.2.0">
  <project timestamp="1784993016960" name="All files">
    <metrics statements="67" coveredstatements="66" conditionals="116" coveredconditionals="110" methods="5" coveredmethods="5" elements="188" coveredelements="181" complexity="0" loc="67" ncloc="67" packages="1" files="1" classes="1"/>
    <file name="evaluateExercise.deterministic.ts" path="C:\Users\Lucas\OneDrive\Desktop\UX\UX\Projetos\VocabXpert\app\final-app\vocabxpert-backend\apps\api\src\services\study\evaluateExercise.deterministic.ts">
      <metrics statements="67" coveredstatements="66" conditionals="116" coveredconditionals="110" methods="5" coveredmethods="5"/>
      <line num="15" count="82" type="stmt"/>
      <line num="27" count="4" type="stmt"/>
      <line num="38" count="24" type="cond" truecount="5" falsecount="1"/>
      <line num="39" count="24" type="stmt"/>
      <line num="56" count="52" type="stmt"/>
      <line num="57" count="52" type="stmt"/>
      <line num="60" count="52" type="cond" truecount="2" falsecount="0"/>
      <line num="61" count="6" type="cond" truecount="4" falsecount="0"/>
      <line num="62" count="4" type="cond" truecount="2" falsecount="0"/>
      <line num="65" count="3" type="cond" truecount="4" falsecount="0"/>
      <line num="66" count="1" type="stmt"/>
      <line num="69" count="2" type="cond" truecount="2" falsecount="0"/>
      <line num="75" count="46" type="cond" truecount="2" falsecount="0"/>
      <line num="76" count="7" type="cond" truecount="4" falsecount="0"/>
      <line num="78" count="6" type="cond" truecount="2" falsecount="0"/>
      <line num="81" count="5" type="cond" truecount="3" falsecount="1"/>
      <line num="87" count="5" type="cond" truecount="1" falsecount="1"/>
      <line num="89" count="5" type="stmt"/>
      <line num="90" count="5" type="stmt"/>
      <line num="92" count="5" type="cond" truecount="2" falsecount="0"/>
      <line num="95" count="2" type="stmt"/>
      <line num="96" count="2" type="stmt"/>
      <line num="98" count="2" type="cond" truecount="4" falsecount="0"/>
      <line num="99" count="1" type="stmt"/>
      <line num="102" count="39" type="cond" truecount="2" falsecount="0"/>
      <line num="103" count="6" type="cond" truecount="4" falsecount="0"/>
      <line num="104" count="4" type="cond" truecount="2" falsecount="0"/>
      <line num="107" count="3" type="cond" truecount="4" falsecount="0"/>
      <line num="108" count="1" type="stmt"/>
      <line num="111" count="2" type="cond" truecount="2" falsecount="0"/>
      <line num="117" count="33" type="cond" truecount="2" falsecount="0"/>
      <line num="118" count="6" type="cond" truecount="4" falsecount="0"/>
      <line num="119" count="4" type="cond" truecount="2" falsecount="0"/>
      <line num="122" count="3" type="cond" truecount="4" falsecount="0"/>
      <line num="123" count="1" type="stmt"/>
      <line num="126" count="2" type="cond" truecount="2" falsecount="0"/>
      <line num="132" count="27" type="cond" truecount="2" falsecount="0"/>
      <line num="133" count="18" type="cond" truecount="4" falsecount="0"/>
      <line num="134" count="4" type="cond" truecount="2" falsecount="0"/>
      <line num="136" count="3" type="stmt"/>
      <line num="137" count="3" type="stmt"/>
      <line num="139" count="3" type="cond" truecount="2" falsecount="0"/>
      <line num="143" count="20" type="cond" truecount="2" falsecount="0"/>
      <line num="144" count="11" type="cond" truecount="2" falsecount="0"/>
      <line num="145" count="9" type="cond" truecount="2" falsecount="0"/>
      <line num="147" count="6" type="cond" truecount="2" falsecount="0"/>
      <line num="156" count="9" type="cond" truecount="1" falsecount="1"/>
      <line num="157" count="9" type="cond" truecount="2" falsecount="0"/>
      <line num="158" count="8" type="cond" truecount="2" falsecount="0"/>
      <line num="161" count="7" type="stmt"/>
      <line num="163" count="7" type="stmt"/>
      <line num="164" count="16" type="cond" truecount="4" falsecount="0"/>
      <line num="165" count="15" type="stmt"/>
      <line num="168" count="6" type="cond" truecount="2" falsecount="0"/>
      <line num="170" count="5" type="stmt"/>
      <line num="172" count="5" type="stmt"/>
      <line num="173" count="13" type="cond" truecount="4" falsecount="0"/>
      <line num="175" count="12" type="stmt"/>
      <line num="176" count="12" type="stmt"/>
      <line num="178" count="12" type="stmt"/>
      <line num="179" count="12" type="cond" truecount="4" falsecount="0"/>
      <line num="182" count="4" type="stmt"/>
      <line num="183" count="4" type="stmt"/>
      <line num="185" count="4" type="cond" truecount="2" falsecount="0"/>
      <line num="186" count="2" type="cond" truecount="4" falsecount="0"/>
      <line num="187" count="1" type="stmt"/>
      <line num="190" count="0" type="stmt"/>
    </file>
  </project>
</coverage>
