{"C:\\Users\\Lucas\\OneDrive\\Desktop\\UX\\UX\\Projetos\\VocabXpert\\app\\final-app\\vocabxpert-backend\\apps\\api\\src\\services\\study\\evaluateExercise.deterministic.ts": {"path":"C:\\Users\\Lucas\\OneDrive\\Desktop\\UX\\UX\\Projetos\\VocabXpert\\app\\final-app\\vocabxpert-backend\\apps\\api\\src\\services\\study\\evaluateExercise.deterministic.ts","statementMap":{"0":{"start":{"line":15,"column":2},"end":{"line":22,"column":26}},"1":{"start":{"line":27,"column":2},"end":{"line":34,"column":26}},"2":{"start":{"line":38,"column":21},"end":{"line":38,"column":91}},"3":{"start":{"line":39,"column":2},"end":{"line":46,"column":4}},"4":{"start":{"line":56,"column":17},"end":{"line":56,"column":30}},"5":{"start":{"line":57,"column":17},"end":{"line":57,"column":35}},"6":{"start":{"line":60,"column":2},"end":{"line":72,"column":3}},"7":{"start":{"line":61,"column":4},"end":{"line":61,"column":87}},"8":{"start":{"line":61,"column":75},"end":{"line":61,"column":87}},"9":{"start":{"line":62,"column":4},"end":{"line":62,"column":50}},"10":{"start":{"line":62,"column":38},"end":{"line":62,"column":50}},"11":{"start":{"line":65,"column":4},"end":{"line":67,"column":5}},"12":{"start":{"line":66,"column":6},"end":{"line":66,"column":18}},"13":{"start":{"line":69,"column":4},"end":{"line":71,"column":87}},"14":{"start":{"line":75,"column":2},"end":{"line":100,"column":3}},"15":{"start":{"line":76,"column":4},"end":{"line":76,"column":57}},"16":{"start":{"line":76,"column":45},"end":{"line":76,"column":57}},"17":{"start":{"line":78,"column":4},"end":{"line":78,"column":51}},"18":{"start":{"line":78,"column":39},"end":{"line":78,"column":51}},"19":{"start":{"line":81,"column":6},"end":{"line":85,"column":31}},"20":{"start":{"line":87,"column":4},"end":{"line":87,"column":31}},"21":{"start":{"line":87,"column":19},"end":{"line":87,"column":31}},"22":{"start":{"line":89,"column":14},"end":{"line":89,"column":28}},"23":{"start":{"line":90,"column":14},"end":{"line":90,"column":28}},"24":{"start":{"line":92,"column":4},"end":{"line":92,"column":54}},"25":{"start":{"line":92,"column":17},"end":{"line":92,"column":54}},"26":{"start":{"line":95,"column":19},"end":{"line":95,"column":38}},"27":{"start":{"line":96,"column":19},"end":{"line":96,"column":38}},"28":{"start":{"line":98,"column":4},"end":{"line":98,"column":123}},"29":{"start":{"line":98,"column":60},"end":{"line":98,"column":123}},"30":{"start":{"line":99,"column":4},"end":{"line":99,"column":67}},"31":{"start":{"line":102,"column":2},"end":{"line":114,"column":3}},"32":{"start":{"line":103,"column":4},"end":{"line":103,"column":87}},"33":{"start":{"line":103,"column":75},"end":{"line":103,"column":87}},"34":{"start":{"line":104,"column":4},"end":{"line":104,"column":50}},"35":{"start":{"line":104,"column":38},"end":{"line":104,"column":50}},"36":{"start":{"line":107,"column":4},"end":{"line":109,"column":5}},"37":{"start":{"line":108,"column":6},"end":{"line":108,"column":18}},"38":{"start":{"line":111,"column":4},"end":{"line":113,"column":81}},"39":{"start":{"line":117,"column":2},"end":{"line":129,"column":3}},"40":{"start":{"line":118,"column":4},"end":{"line":118,"column":87}},"41":{"start":{"line":118,"column":75},"end":{"line":118,"column":87}},"42":{"start":{"line":119,"column":4},"end":{"line":119,"column":50}},"43":{"start":{"line":119,"column":38},"end":{"line":119,"column":50}},"44":{"start":{"line":122,"column":4},"end":{"line":124,"column":5}},"45":{"start":{"line":123,"column":6},"end":{"line":123,"column":18}},"46":{"start":{"line":126,"column":4},"end":{"line":128,"column":88}},"47":{"start":{"line":132,"column":2},"end":{"line":140,"column":3}},"48":{"start":{"line":133,"column":4},"end":{"line":133,"column":101}},"49":{"start":{"line":133,"column":65},"end":{"line":133,"column":86}},"50":{"start":{"line":133,"column":89},"end":{"line":133,"column":101}},"51":{"start":{"line":134,"column":4},"end":{"line":134,"column":59}},"52":{"start":{"line":134,"column":47},"end":{"line":134,"column":59}},"53":{"start":{"line":136,"column":16},"end":{"line":136,"column":40}},"54":{"start":{"line":137,"column":16},"end":{"line":137,"column":38}},"55":{"start":{"line":139,"column":4},"end":{"line":139,"column":103}},"56":{"start":{"line":143,"column":2},"end":{"line":150,"column":3}},"57":{"start":{"line":144,"column":4},"end":{"line":144,"column":58}},"58":{"start":{"line":144,"column":46},"end":{"line":144,"column":58}},"59":{"start":{"line":145,"column":4},"end":{"line":145,"column":49}},"60":{"start":{"line":145,"column":37},"end":{"line":145,"column":49}},"61":{"start":{"line":147,"column":4},"end":{"line":149,"column":71}},"62":{"start":{"line":156,"column":2},"end":{"line":188,"column":3}},"63":{"start":{"line":157,"column":4},"end":{"line":157,"column":46}},"64":{"start":{"line":157,"column":34},"end":{"line":157,"column":46}},"65":{"start":{"line":158,"column":4},"end":{"line":158,"column":48}},"66":{"start":{"line":158,"column":36},"end":{"line":158,"column":48}},"67":{"start":{"line":161,"column":21},"end":{"line":161,"column":46}},"68":{"start":{"line":163,"column":4},"end":{"line":166,"column":5}},"69":{"start":{"line":164,"column":6},"end":{"line":164,"column":95}},"70":{"start":{"line":164,"column":83},"end":{"line":164,"column":95}},"71":{"start":{"line":165,"column":6},"end":{"line":165,"column":60}},"72":{"start":{"line":168,"column":4},"end":{"line":168,"column":41}},"73":{"start":{"line":168,"column":29},"end":{"line":168,"column":41}},"74":{"start":{"line":170,"column":18},"end":{"line":170,"column":19}},"75":{"start":{"line":172,"column":4},"end":{"line":180,"column":5}},"76":{"start":{"line":173,"column":6},"end":{"line":173,"column":89}},"77":{"start":{"line":173,"column":77},"end":{"line":173,"column":89}},"78":{"start":{"line":175,"column":16},"end":{"line":175,"column":28}},"79":{"start":{"line":176,"column":16},"end":{"line":176,"column":35}},"80":{"start":{"line":178,"column":19},"end":{"line":178,"column":34}},"81":{"start":{"line":179,"column":6},"end":{"line":179,"column":40}},"82":{"start":{"line":179,"column":30},"end":{"line":179,"column":40}},"83":{"start":{"line":182,"column":18},"end":{"line":182,"column":31}},"84":{"start":{"line":183,"column":18},"end":{"line":183,"column":33}},"85":{"start":{"line":185,"column":4},"end":{"line":185,"column":67}},"86":{"start":{"line":185,"column":21},"end":{"line":185,"column":67}},"87":{"start":{"line":186,"column":2},"end":{"line":186,"column":91}},"88":{"start":{"line":186,"column":30},"end":{"line":186,"column":91}},"89":{"start":{"line":187,"column":2},"end":{"line":187,"column":67}},"90":{"start":{"line":190,"column":2},"end":{"line":190,"column":14}}},"fnMap":{"0":{"name":"norm","decl":{"start":{"line":14,"column":9},"end":{"line":14,"column":13}},"loc":{"start":{"line":14,"column":23},"end":{"line":23,"column":1}}},"1":{"name":"normLoose","decl":{"start":{"line":26,"column":9},"end":{"line":26,"column":18}},"loc":{"start":{"line":26,"column":28},"end":{"line":35,"column":1}}},"2":{"name":"result","decl":{"start":{"line":37,"column":9},"end":{"line":37,"column":15}},"loc":{"start":{"line":37,"column":94},"end":{"line":47,"column":1}}},"3":{"name":"evaluateExerciseDeterministic","decl":{"start":{"line":49,"column":16},"end":{"line":49,"column":45}},"loc":{"start":{"line":55,"column":1},"end":{"line":191,"column":1}}},"4":{"name":"(anonymous_4)","decl":{"start":{"line":133,"column":53},"end":{"line":133,"column":54}},"loc":{"start":{"line":133,"column":65},"end":{"line":133,"column":86}}}},"branchMap":{"0":{"loc":{"start":{"line":38,"column":21},"end":{"line":38,"column":91}},"type":"binary-expr","locations":[{"start":{"line":38,"column":21},"end":{"line":38,"column":26}},{"start":{"line":38,"column":31},"end":{"line":38,"column":90}}]},"1":{"loc":{"start":{"line":38,"column":31},"end":{"line":38,"column":90}},"type":"cond-expr","locations":[{"start":{"line":38,"column":55},"end":{"line":38,"column":56}},{"start":{"line":38,"column":59},"end":{"line":38,"column":90}}]},"2":{"loc":{"start":{"line":38,"column":59},"end":{"line":38,"column":90}},"type":"cond-expr","locations":[{"start":{"line":38,"column":83},"end":{"line":38,"column":86}},{"start":{"line":38,"column":89},"end":{"line":38,"column":90}}]},"3":{"loc":{"start":{"line":41,"column":13},"end":{"line":41,"column":78}},"type":"cond-expr","locations":[{"start":{"line":41,"column":38},"end":{"line":41,"column":55}},{"start":{"line":41,"column":59},"end":{"line":41,"column":78}}]},"4":{"loc":{"start":{"line":60,"column":2},"end":{"line":72,"column":3}},"type":"if","locations":[{"start":{"line":60,"column":2},"end":{"line":72,"column":3}},{"start":{},"end":{}}]},"5":{"loc":{"start":{"line":61,"column":4},"end":{"line":61,"column":87}},"type":"if","locations":[{"start":{"line":61,"column":4},"end":{"line":61,"column":87}},{"start":{},"end":{}}]},"6":{"loc":{"start":{"line":61,"column":8},"end":{"line":61,"column":73}},"type":"binary-expr","locations":[{"start":{"line":61,"column":8},"end":{"line":61,"column":34}},{"start":{"line":61,"column":38},"end":{"line":61,"column":73}}]},"7":{"loc":{"start":{"line":62,"column":4},"end":{"line":62,"column":50}},"type":"if","locations":[{"start":{"line":62,"column":4},"end":{"line":62,"column":50}},{"start":{},"end":{}}]},"8":{"loc":{"start":{"line":65,"column":4},"end":{"line":67,"column":5}},"type":"if","locations":[{"start":{"line":65,"column":4},"end":{"line":67,"column":5}},{"start":{},"end":{}}]},"9":{"loc":{"start":{"line":65,"column":8},"end":{"line":65,"column":50}},"type":"binary-expr","locations":[{"start":{"line":65,"column":8},"end":{"line":65,"column":19}},{"start":{"line":65,"column":23},"end":{"line":65,"column":50}}]},"10":{"loc":{"start":{"line":69,"column":11},"end":{"line":71,"column":86}},"type":"cond-expr","locations":[{"start":{"line":70,"column":8},"end":{"line":70,"column":37}},{"start":{"line":71,"column":8},"end":{"line":71,"column":86}}]},"11":{"loc":{"start":{"line":75,"column":2},"end":{"line":100,"column":3}},"type":"if","locations":[{"start":{"line":75,"column":2},"end":{"line":100,"column":3}},{"start":{},"end":{}}]},"12":{"loc":{"start":{"line":76,"column":4},"end":{"line":76,"column":57}},"type":"if","locations":[{"start":{"line":76,"column":4},"end":{"line":76,"column":57}},{"start":{},"end":{}}]},"13":{"loc":{"start":{"line":76,"column":8},"end":{"line":76,"column":43}},"type":"binary-expr","locations":[{"start":{"line":76,"column":8},"end":{"line":76,"column":29}},{"start":{"line":76,"column":33},"end":{"line":76,"column":43}}]},"14":{"loc":{"start":{"line":78,"column":4},"end":{"line":78,"column":51}},"type":"if","locations":[{"start":{"line":78,"column":4},"end":{"line":78,"column":51}},{"start":{},"end":{}}]},"15":{"loc":{"start":{"line":81,"column":6},"end":{"line":85,"column":31}},"type":"cond-expr","locations":[{"start":{"line":82,"column":10},"end":{"line":82,"column":16}},{"start":{"line":83,"column":10},"end":{"line":85,"column":31}}]},"16":{"loc":{"start":{"line":81,"column":6},"end":{"line":81,"column":61}},"type":"binary-expr","locations":[{"start":{"line":81,"column":6},"end":{"line":81,"column":33}},{"start":{"line":81,"column":37},"end":{"line":81,"column":61}}]},"17":{"loc":{"start":{"line":83,"column":10},"end":{"line":85,"column":31}},"type":"cond-expr","locations":[{"start":{"line":84,"column":12},"end":{"line":84,"column":38}},{"start":{"line":85,"column":12},"end":{"line":85,"column":31}}]},"18":{"loc":{"start":{"line":87,"column":4},"end":{"line":87,"column":31}},"type":"if","locations":[{"start":{"line":87,"column":4},"end":{"line":87,"column":31}},{"start":{},"end":{}}]},"19":{"loc":{"start":{"line":92,"column":4},"end":{"line":92,"column":54}},"type":"if","locations":[{"start":{"line":92,"column":4},"end":{"line":92,"column":54}},{"start":{},"end":{}}]},"20":{"loc":{"start":{"line":98,"column":4},"end":{"line":98,"column":123}},"type":"if","locations":[{"start":{"line":98,"column":4},"end":{"line":98,"column":123}},{"start":{},"end":{}}]},"21":{"loc":{"start":{"line":98,"column":8},"end":{"line":98,"column":58}},"type":"binary-expr","locations":[{"start":{"line":98,"column":8},"end":{"line":98,"column":31}},{"start":{"line":98,"column":35},"end":{"line":98,"column":58}}]},"22":{"loc":{"start":{"line":102,"column":2},"end":{"line":114,"column":3}},"type":"if","locations":[{"start":{"line":102,"column":2},"end":{"line":114,"column":3}},{"start":{},"end":{}}]},"23":{"loc":{"start":{"line":103,"column":4},"end":{"line":103,"column":87}},"type":"if","locations":[{"start":{"line":103,"column":4},"end":{"line":103,"column":87}},{"start":{},"end":{}}]},"24":{"loc":{"start":{"line":103,"column":8},"end":{"line":103,"column":73}},"type":"binary-expr","locations":[{"start":{"line":103,"column":8},"end":{"line":103,"column":34}},{"start":{"line":103,"column":38},"end":{"line":103,"column":73}}]},"25":{"loc":{"start":{"line":104,"column":4},"end":{"line":104,"column":50}},"type":"if","locations":[{"start":{"line":104,"column":4},"end":{"line":104,"column":50}},{"start":{},"end":{}}]},"26":{"loc":{"start":{"line":107,"column":4},"end":{"line":109,"column":5}},"type":"if","locations":[{"start":{"line":107,"column":4},"end":{"line":109,"column":5}},{"start":{},"end":{}}]},"27":{"loc":{"start":{"line":107,"column":8},"end":{"line":107,"column":50}},"type":"binary-expr","locations":[{"start":{"line":107,"column":8},"end":{"line":107,"column":19}},{"start":{"line":107,"column":23},"end":{"line":107,"column":50}}]},"28":{"loc":{"start":{"line":111,"column":11},"end":{"line":113,"column":80}},"type":"cond-expr","locations":[{"start":{"line":112,"column":8},"end":{"line":112,"column":37}},{"start":{"line":113,"column":8},"end":{"line":113,"column":80}}]},"29":{"loc":{"start":{"line":117,"column":2},"end":{"line":129,"column":3}},"type":"if","locations":[{"start":{"line":117,"column":2},"end":{"line":129,"column":3}},{"start":{},"end":{}}]},"30":{"loc":{"start":{"line":118,"column":4},"end":{"line":118,"column":87}},"type":"if","locations":[{"start":{"line":118,"column":4},"end":{"line":118,"column":87}},{"start":{},"end":{}}]},"31":{"loc":{"start":{"line":118,"column":8},"end":{"line":118,"column":73}},"type":"binary-expr","locations":[{"start":{"line":118,"column":8},"end":{"line":118,"column":34}},{"start":{"line":118,"column":38},"end":{"line":118,"column":73}}]},"32":{"loc":{"start":{"line":119,"column":4},"end":{"line":119,"column":50}},"type":"if","locations":[{"start":{"line":119,"column":4},"end":{"line":119,"column":50}},{"start":{},"end":{}}]},"33":{"loc":{"start":{"line":122,"column":4},"end":{"line":124,"column":5}},"type":"if","locations":[{"start":{"line":122,"column":4},"end":{"line":124,"column":5}},{"start":{},"end":{}}]},"34":{"loc":{"start":{"line":122,"column":8},"end":{"line":122,"column":50}},"type":"binary-expr","locations":[{"start":{"line":122,"column":8},"end":{"line":122,"column":19}},{"start":{"line":122,"column":23},"end":{"line":122,"column":50}}]},"35":{"loc":{"start":{"line":126,"column":11},"end":{"line":128,"column":87}},"type":"cond-expr","locations":[{"start":{"line":127,"column":8},"end":{"line":127,"column":37}},{"start":{"line":128,"column":8},"end":{"line":128,"column":87}}]},"36":{"loc":{"start":{"line":132,"column":2},"end":{"line":140,"column":3}},"type":"if","locations":[{"start":{"line":132,"column":2},"end":{"line":140,"column":3}},{"start":{},"end":{}}]},"37":{"loc":{"start":{"line":133,"column":4},"end":{"line":133,"column":101}},"type":"if","locations":[{"start":{"line":133,"column":4},"end":{"line":133,"column":101}},{"start":{},"end":{}}]},"38":{"loc":{"start":{"line":133,"column":8},"end":{"line":133,"column":87}},"type":"binary-expr","locations":[{"start":{"line":133,"column":8},"end":{"line":133,"column":33}},{"start":{"line":133,"column":37},"end":{"line":133,"column":87}}]},"39":{"loc":{"start":{"line":134,"column":4},"end":{"line":134,"column":59}},"type":"if","locations":[{"start":{"line":134,"column":4},"end":{"line":134,"column":59}},{"start":{},"end":{}}]},"40":{"loc":{"start":{"line":139,"column":11},"end":{"line":139,"column":102}},"type":"cond-expr","locations":[{"start":{"line":139,"column":25},"end":{"line":139,"column":60}},{"start":{"line":139,"column":63},"end":{"line":139,"column":102}}]},"41":{"loc":{"start":{"line":143,"column":2},"end":{"line":150,"column":3}},"type":"if","locations":[{"start":{"line":143,"column":2},"end":{"line":150,"column":3}},{"start":{},"end":{}}]},"42":{"loc":{"start":{"line":144,"column":4},"end":{"line":144,"column":58}},"type":"if","locations":[{"start":{"line":144,"column":4},"end":{"line":144,"column":58}},{"start":{},"end":{}}]},"43":{"loc":{"start":{"line":145,"column":4},"end":{"line":145,"column":49}},"type":"if","locations":[{"start":{"line":145,"column":4},"end":{"line":145,"column":49}},{"start":{},"end":{}}]},"44":{"loc":{"start":{"line":147,"column":11},"end":{"line":149,"column":70}},"type":"cond-expr","locations":[{"start":{"line":148,"column":8},"end":{"line":148,"column":37}},{"start":{"line":149,"column":8},"end":{"line":149,"column":70}}]},"45":{"loc":{"start":{"line":156,"column":2},"end":{"line":188,"column":3}},"type":"if","locations":[{"start":{"line":156,"column":2},"end":{"line":188,"column":3}},{"start":{},"end":{}}]},"46":{"loc":{"start":{"line":157,"column":4},"end":{"line":157,"column":46}},"type":"if","locations":[{"start":{"line":157,"column":4},"end":{"line":157,"column":46}},{"start":{},"end":{}}]},"47":{"loc":{"start":{"line":158,"column":4},"end":{"line":158,"column":48}},"type":"if","locations":[{"start":{"line":158,"column":4},"end":{"line":158,"column":48}},{"start":{},"end":{}}]},"48":{"loc":{"start":{"line":164,"column":6},"end":{"line":164,"column":95}},"type":"if","locations":[{"start":{"line":164,"column":6},"end":{"line":164,"column":95}},{"start":{},"end":{}}]},"49":{"loc":{"start":{"line":164,"column":10},"end":{"line":164,"column":81}},"type":"binary-expr","locations":[{"start":{"line":164,"column":10},"end":{"line":164,"column":40}},{"start":{"line":164,"column":44},"end":{"line":164,"column":81}}]},"50":{"loc":{"start":{"line":168,"column":4},"end":{"line":168,"column":41}},"type":"if","locations":[{"start":{"line":168,"column":4},"end":{"line":168,"column":41}},{"start":{},"end":{}}]},"51":{"loc":{"start":{"line":173,"column":6},"end":{"line":173,"column":89}},"type":"if","locations":[{"start":{"line":173,"column":6},"end":{"line":173,"column":89}},{"start":{},"end":{}}]},"52":{"loc":{"start":{"line":173,"column":10},"end":{"line":173,"column":75}},"type":"binary-expr","locations":[{"start":{"line":173,"column":10},"end":{"line":173,"column":37}},{"start":{"line":173,"column":41},"end":{"line":173,"column":75}}]},"53":{"loc":{"start":{"line":179,"column":6},"end":{"line":179,"column":40}},"type":"if","locations":[{"start":{"line":179,"column":6},"end":{"line":179,"column":40}},{"start":{},"end":{}}]},"54":{"loc":{"start":{"line":179,"column":10},"end":{"line":179,"column":28}},"type":"binary-expr","locations":[{"start":{"line":179,"column":10},"end":{"line":179,"column":14}},{"start":{"line":179,"column":18},"end":{"line":179,"column":28}}]},"55":{"loc":{"start":{"line":185,"column":4},"end":{"line":185,"column":67}},"type":"if","locations":[{"start":{"line":185,"column":4},"end":{"line":185,"column":67}},{"start":{},"end":{}}]},"56":{"loc":{"start":{"line":186,"column":2},"end":{"line":186,"column":91}},"type":"if","locations":[{"start":{"line":186,"column":2},"end":{"line":186,"column":91}},{"start":{},"end":{}}]},"57":{"loc":{"start":{"line":186,"column":6},"end":{"line":186,"column":28}},"type":"binary-expr","locations":[{"start":{"line":186,"column":6},"end":{"line":186,"column":15}},{"start":{"line":186,"column":19},"end":{"line":186,"column":28}}]}},"s":{"0":82,"1":4,"2":24,"3":24,"4":52,"5":52,"6":52,"7":6,"8":2,"9":4,"10":1,"11":3,"12":1,"13":2,"14":46,"15":7,"16":1,"17":6,"18":1,"19":5,"20":5,"21":0,"22":5,"23":5,"24":5,"25":3,"26":2,"27":2,"28":2,"29":1,"30":1,"31":39,"32":6,"33":2,"34":4,"35":1,"36":3,"37":1,"38":2,"39":33,"40":6,"41":2,"42":4,"43":1,"44":3,"45":1,"46":2,"47":27,"48":7,"49":18,"50":3,"51":4,"52":1,"53":3,"54":3,"55":3,"56":20,"57":11,"58":2,"59":9,"60":3,"61":6,"62":9,"63":9,"64":1,"65":8,"66":1,"67":7,"68":7,"69":16,"70":1,"71":15,"72":6,"73":1,"74":5,"75":5,"76":13,"77":1,"78":12,"79":12,"80":12,"81":12,"82":7,"83":4,"84":4,"85":4,"86":2,"87":2,"88":1,"89":1,"90":0},"f":{"0":82,"1":4,"2":24,"3":52,"4":18},"b":{"0":[24,19],"1":[12,7],"2":[0,7],"3":[14,10],"4":[6,46],"5":[2,4],"6":[6,5],"7":[1,3],"8":[1,2],"9":[3,3],"10":[1,1],"11":[7,39],"12":[1,6],"13":[7,6],"14":[1,5],"15":[5,0],"16":[5,5],"17":[0,0],"18":[0,5],"19":[3,2],"20":[1,1],"21":[2,1],"22":[6,33],"23":[2,4],"24":[6,5],"25":[1,3],"26":[1,2],"27":[3,3],"28":[1,1],"29":[6,27],"30":[2,4],"31":[6,5],"32":[1,3],"33":[1,2],"34":[3,3],"35":[1,1],"36":[7,20],"37":[3,4],"38":[7,5],"39":[1,3],"40":[2,1],"41":[11,9],"42":[2,9],"43":[3,6],"44":[4,2],"45":[9,0],"46":[1,8],"47":[1,7],"48":[1,15],"49":[16,16],"50":[1,5],"51":[1,12],"52":[13,13],"53":[7,5],"54":[12,12],"55":[2,2],"56":[1,1],"57":[2,1]}}
}
