TN:
SF:src\services\study\evaluateExercise.deterministic.ts
FN:14,norm
FN:26,normLoose
FN:37,result
FN:49,evaluateExerciseDeterministic
FN:133,(anonymous_4)
FNF:5
FNH:5
FNDA:82,norm
FNDA:4,normLoose
FNDA:24,result
FNDA:52,evaluateExerciseDeterministic
FNDA:18,(anonymous_4)
DA:15,82
DA:27,4
DA:38,24
DA:39,24
DA:56,52
DA:57,52
DA:60,52
DA:61,6
DA:62,4
DA:65,3
DA:66,1
DA:69,2
DA:75,46
DA:76,7
DA:78,6
DA:81,5
DA:87,5
DA:89,5
DA:90,5
DA:92,5
DA:95,2
DA:96,2
DA:98,2
DA:99,1
DA:102,39
DA:103,6
DA:104,4
DA:107,3
DA:108,1
DA:111,2
DA:117,33
DA:118,6
DA:119,4
DA:122,3
DA:123,1
DA:126,2
DA:132,27
DA:133,18
DA:134,4
DA:136,3
DA:137,3
DA:139,3
DA:143,20
DA:144,11
DA:145,9
DA:147,6
DA:156,9
DA:157,9
DA:158,8
DA:161,7
DA:163,7
DA:164,16
DA:165,15
DA:168,6
DA:170,5
DA:172,5
DA:173,13
DA:175,12
DA:176,12
DA:178,12
DA:179,12
DA:182,4
DA:183,4
DA:185,4
DA:186,2
DA:187,1
DA:190,0
LF:67
LH:66
BRDA:38,0,0,24
BRDA:38,0,1,19
BRDA:38,1,0,12
BRDA:38,1,1,7
BRDA:38,2,0,0
BRDA:38,2,1,7
BRDA:41,3,0,14
BRDA:41,3,1,10
BRDA:60,4,0,6
BRDA:60,4,1,46
BRDA:61,5,0,2
BRDA:61,5,1,4
BRDA:61,6,0,6
BRDA:61,6,1,5
BRDA:62,7,0,1
BRDA:62,7,1,3
BRDA:65,8,0,1
BRDA:65,8,1,2
BRDA:65,9,0,3
BRDA:65,9,1,3
BRDA:69,10,0,1
BRDA:69,10,1,1
BRDA:75,11,0,7
BRDA:75,11,1,39
BRDA:76,12,0,1
BRDA:76,12,1,6
BRDA:76,13,0,7
BRDA:76,13,1,6
BRDA:78,14,0,1
BRDA:78,14,1,5
BRDA:81,15,0,5
BRDA:81,15,1,0
BRDA:81,16,0,5
BRDA:81,16,1,5
BRDA:83,17,0,0
BRDA:83,17,1,0
BRDA:87,18,0,0
BRDA:87,18,1,5
BRDA:92,19,0,3
BRDA:92,19,1,2
BRDA:98,20,0,1
BRDA:98,20,1,1
BRDA:98,21,0,2
BRDA:98,21,1,1
BRDA:102,22,0,6
BRDA:102,22,1,33
BRDA:103,23,0,2
BRDA:103,23,1,4
BRDA:103,24,0,6
BRDA:103,24,1,5
BRDA:104,25,0,1
BRDA:104,25,1,3
BRDA:107,26,0,1
BRDA:107,26,1,2
BRDA:107,27,0,3
BRDA:107,27,1,3
BRDA:111,28,0,1
BRDA:111,28,1,1
BRDA:117,29,0,6
BRDA:117,29,1,27
BRDA:118,30,0,2
BRDA:118,30,1,4
BRDA:118,31,0,6
BRDA:118,31,1,5
BRDA:119,32,0,1
BRDA:119,32,1,3
BRDA:122,33,0,1
BRDA:122,33,1,2
BRDA:122,34,0,3
BRDA:122,34,1,3
BRDA:126,35,0,1
BRDA:126,35,1,1
BRDA:132,36,0,7
BRDA:132,36,1,20
BRDA:133,37,0,3
BRDA:133,37,1,4
BRDA:133,38,0,7
BRDA:133,38,1,5
BRDA:134,39,0,1
BRDA:134,39,1,3
BRDA:139,40,0,2
BRDA:139,40,1,1
BRDA:143,41,0,11
BRDA:143,41,1,9
BRDA:144,42,0,2
BRDA:144,42,1,9
BRDA:145,43,0,3
BRDA:145,43,1,6
BRDA:147,44,0,4
BRDA:147,44,1,2
BRDA:156,45,0,9
BRDA:156,45,1,0
BRDA:157,46,0,1
BRDA:157,46,1,8
BRDA:158,47,0,1
BRDA:158,47,1,7
BRDA:164,48,0,1
BRDA:164,48,1,15
BRDA:164,49,0,16
BRDA:164,49,1,16
BRDA:168,50,0,1
BRDA:168,50,1,5
BRDA:173,51,0,1
BRDA:173,51,1,12
BRDA:173,52,0,13
BRDA:173,52,1,13
BRDA:179,53,0,7
BRDA:179,53,1,5
BRDA:179,54,0,12
BRDA:179,54,1,12
BRDA:185,55,0,2
BRDA:185,55,1,2
BRDA:186,56,0,1
BRDA:186,56,1,1
BRDA:186,57,0,2
BRDA:186,57,1,1
BRF:116
BRH:110
end_of_record
